2024-09-30 10:11:06,939 [Worker-6: Loading available Gradle versions] INFO  o.e.b.c.i.u.g.PublishedGradleVersions - Gradle version information cache is up-to-date. Trying to read.
2024-09-30 10:11:58,152 [Worker-4: Updating Maven Dependencies] INFO  o.e.m.c.i.l.LifecycleMappingFactory - Using org.eclipse.m2e.jdt.JarLifecycleMapping lifecycle mapping for MavenProject: org.jgrapht:jgrapht-io:1.5.2 @ C:\Users\luigi\Projetos\SLR\Java\fr.tp.inf112.projects.robotsim\libs\jgrapht\source\jgrapht-io\pom.xml.
2024-09-30 10:12:18,321 [Worker-4: Building] INFO  o.e.m.c.i.l.LifecycleMappingFactory - Using org.eclipse.m2e.jdt.JarLifecycleMapping lifecycle mapping for MavenProject: org.jgrapht:jgrapht-core:1.5.2 @ C:\Users\luigi\Projetos\SLR\Java\fr.tp.inf112.projects.robotsim\libs\jgrapht\source\jgrapht-core\pom.xml.
2024-09-30 10:12:18,670 [Worker-4: Building] INFO  o.e.m.c.i.l.LifecycleMappingFactory - Using org.eclipse.m2e.jdt.JarLifecycleMapping lifecycle mapping for MavenProject: org.jgrapht:jgrapht-io:1.5.2 @ C:\Users\luigi\Projetos\SLR\Java\fr.tp.inf112.projects.robotsim\libs\jgrapht\source\jgrapht-io\pom.xml.
2024-09-30 10:12:18,794 [Worker-4: Building] INFO  o.e.m.c.i.p.WorkspaceClassifierResolverManager - Resolving P/jgrapht-core: org.jgrapht:jgrapht-core:1.5.2 with classifier  to /jgrapht-core/target/classes
2024-09-30 10:12:20,123 [Worker-4: Building] INFO  o.a.m.s.f.DefaultMavenResourcesFiltering - skip non existing resourceDirectory C:\Users\luigi\Projetos\SLR\Java\fr.tp.inf112.projects.robotsim\libs\jgrapht\source\jgrapht-core\src\main\resources
2024-09-30 10:12:20,144 [Worker-4: Building] INFO  o.a.m.s.f.DefaultMavenResourcesFiltering - Copying 1 resource from src\test\resources to target\test-classes
2024-09-30 10:12:30,847 [Worker-23: Building] INFO  o.a.m.s.f.DefaultMavenResourcesFiltering - skip non existing resourceDirectory C:\Users\luigi\Projetos\SLR\Java\fr.tp.inf112.projects.robotsim\libs\jgrapht\source\jgrapht-core\src\main\resources
2024-09-30 10:12:30,853 [Worker-23: Building] INFO  o.a.m.s.f.DefaultMavenResourcesFiltering - Copying 1 resource from src\test\resources to target\test-classes
2024-09-30 10:12:31,738 [Worker-23: Building] INFO  o.e.m.c.i.l.LifecycleMappingFactory - Using org.eclipse.m2e.jdt.JarLifecycleMapping lifecycle mapping for MavenProject: org.jgrapht:jgrapht-demo:1.5.2 @ C:\Users\luigi\Projetos\SLR\Java\fr.tp.inf112.projects.robotsim\libs\jgrapht\source\jgrapht-demo\pom.xml.
2024-09-30 10:12:32,359 [Worker-23: Building] INFO  o.e.m.c.i.e.AbstractTransferListenerAdapter - Downloading https://repo.maven.apache.org/maven2/org/jgrapht/jgrapht-ext/1.5.2/jgrapht-ext-1.5.2.pom
2024-09-30 10:12:32,385 [Worker-23: Building] INFO  o.e.m.c.i.e.AbstractTransferListenerAdapter - Downloaded https://repo.maven.apache.org/maven2/org/jgrapht/jgrapht-ext/1.5.2/jgrapht-ext-1.5.2.pom
2024-09-30 10:12:32,426 [Worker-23: Building] INFO  o.e.m.c.i.p.WorkspaceClassifierResolverManager - Resolving P/jgrapht-io: org.jgrapht:jgrapht-io:1.5.2 with classifier  to /jgrapht-io/target/classes
2024-09-30 10:12:32,427 [Worker-23: Building] INFO  o.e.m.c.i.p.WorkspaceClassifierResolverManager - Resolving P/jgrapht-core: org.jgrapht:jgrapht-core:1.5.2 with classifier  to /jgrapht-core/target/classes
2024-09-30 10:12:32,444 [Worker-23: Building] INFO  o.e.m.c.i.p.WorkspaceClassifierResolverManager - Resolving P/jgrapht-io: org.jgrapht:jgrapht-io:1.5.2 with classifier  to /jgrapht-io/target/classes
2024-09-30 10:12:32,444 [Worker-23: Building] INFO  o.e.m.c.i.p.WorkspaceClassifierResolverManager - Resolving P/jgrapht-core: org.jgrapht:jgrapht-core:1.5.2 with classifier  to /jgrapht-core/target/classes
2024-09-30 10:12:32,482 [Worker-23: Building] INFO  o.e.m.c.i.e.AbstractTransferListenerAdapter - Downloading https://repo.maven.apache.org/maven2/org/jgrapht/jgrapht-ext/1.5.2/jgrapht-ext-1.5.2.jar
2024-09-30 10:12:32,497 [Worker-23: Building] INFO  o.e.m.c.i.e.AbstractTransferListenerAdapter - Downloaded https://repo.maven.apache.org/maven2/org/jgrapht/jgrapht-ext/1.5.2/jgrapht-ext-1.5.2.jar
2024-09-30 10:12:32,617 [Worker-23: Building] INFO  o.a.m.s.f.DefaultMavenResourcesFiltering - skip non existing resourceDirectory C:\Users\luigi\Projetos\SLR\Java\fr.tp.inf112.projects.robotsim\libs\jgrapht\source\jgrapht-demo\src\main\resources
2024-09-30 10:12:32,621 [Worker-23: Building] INFO  o.a.m.s.f.DefaultMavenResourcesFiltering - skip non existing resourceDirectory C:\Users\luigi\Projetos\SLR\Java\fr.tp.inf112.projects.robotsim\libs\jgrapht\source\jgrapht-demo\src\test\resources
2024-09-30 10:12:33,013 [Worker-10: Building] INFO  o.e.m.c.i.l.LifecycleMappingFactory - Using NULL lifecycle mapping for MavenProject: org.jgrapht:jgrapht-dist:1.5.2 @ C:\Users\luigi\Projetos\SLR\Java\fr.tp.inf112.projects.robotsim\libs\jgrapht\source\jgrapht-dist\pom.xml.
2024-09-30 10:12:33,265 [Worker-10: Building] INFO  o.e.m.c.i.e.AbstractTransferListenerAdapter - Downloading https://repo.maven.apache.org/maven2/org/jgrapht/jgrapht-guava/1.5.2/jgrapht-guava-1.5.2.pom
2024-09-30 10:12:33,275 [Worker-10: Building] INFO  o.e.m.c.i.e.AbstractTransferListenerAdapter - Downloaded https://repo.maven.apache.org/maven2/org/jgrapht/jgrapht-guava/1.5.2/jgrapht-guava-1.5.2.pom
2024-09-30 10:12:33,334 [Worker-10: Building] INFO  o.e.m.c.i.e.AbstractTransferListenerAdapter - Downloading https://repo.maven.apache.org/maven2/org/jgrapht/jgrapht-opt/1.5.2/jgrapht-opt-1.5.2.pom
2024-09-30 10:12:33,344 [Worker-10: Building] INFO  o.e.m.c.i.e.AbstractTransferListenerAdapter - Downloaded https://repo.maven.apache.org/maven2/org/jgrapht/jgrapht-opt/1.5.2/jgrapht-opt-1.5.2.pom
2024-09-30 10:12:33,468 [Worker-10: Building] INFO  o.e.m.c.i.e.AbstractTransferListenerAdapter - Downloading https://repo.maven.apache.org/maven2/org/jgrapht/jgrapht-unimi-dsi/1.5.2/jgrapht-unimi-dsi-1.5.2.pom
2024-09-30 10:12:33,477 [Worker-10: Building] INFO  o.e.m.c.i.e.AbstractTransferListenerAdapter - Downloaded https://repo.maven.apache.org/maven2/org/jgrapht/jgrapht-unimi-dsi/1.5.2/jgrapht-unimi-dsi-1.5.2.pom
2024-09-30 10:12:33,741 [Worker-3: Download sources and javadoc] INFO  o.e.m.c.i.e.AbstractTransferListenerAdapter - Downloading https://repo.maven.apache.org/maven2/org/jgrapht/jgrapht-ext/1.5.2/jgrapht-ext-1.5.2-sources.jar
2024-09-30 10:12:33,751 [Worker-3: Download sources and javadoc] INFO  o.e.m.c.i.e.AbstractTransferListenerAdapter - Downloaded https://repo.maven.apache.org/maven2/org/jgrapht/jgrapht-ext/1.5.2/jgrapht-ext-1.5.2-sources.jar
2024-09-30 10:12:33,757 [Worker-10: Building] INFO  o.e.m.c.i.p.WorkspaceClassifierResolverManager - Resolving P/jgrapht-core: org.jgrapht:jgrapht-core:1.5.2 with classifier  to /jgrapht-core/target/classes
2024-09-30 10:12:33,758 [Worker-3: Download sources and javadoc] INFO  o.e.m.j.internal.DownloadSourcesJob - Downloaded sources for org.jgrapht:jgrapht-ext:1.5.2
2024-09-30 10:12:33,761 [Worker-10: Building] INFO  o.e.m.c.i.p.WorkspaceClassifierResolverManager - Resolving P/jgrapht-io: org.jgrapht:jgrapht-io:1.5.2 with classifier  to /jgrapht-io/target/classes
2024-09-30 10:12:33,770 [Worker-10: Building] INFO  o.e.m.c.i.p.WorkspaceClassifierResolverManager - Resolving P/jgrapht-demo: org.jgrapht:jgrapht-demo:1.5.2 with classifier  to /jgrapht-demo/target/classes
2024-09-30 10:12:33,789 [Worker-10: Building] INFO  o.e.m.c.i.p.WorkspaceClassifierResolverManager - Resolving P/jgrapht-core: org.jgrapht:jgrapht-core:1.5.2 with classifier  to /jgrapht-core/target/classes
2024-09-30 10:12:33,794 [Worker-10: Building] INFO  o.e.m.c.i.p.WorkspaceClassifierResolverManager - Resolving P/jgrapht-io: org.jgrapht:jgrapht-io:1.5.2 with classifier  to /jgrapht-io/target/classes
2024-09-30 10:12:33,805 [Worker-10: Building] INFO  o.e.m.c.i.p.WorkspaceClassifierResolverManager - Resolving P/jgrapht-demo: org.jgrapht:jgrapht-demo:1.5.2 with classifier  to /jgrapht-demo/target/classes
2024-09-30 10:12:33,846 [Worker-10: Building] INFO  o.e.m.c.i.e.AbstractTransferListenerAdapter - Downloading https://repo.maven.apache.org/maven2/org/jgrapht/jgrapht-guava/1.5.2/jgrapht-guava-1.5.2.jar
2024-09-30 10:12:33,867 [Worker-10: Building] INFO  o.e.m.c.i.e.AbstractTransferListenerAdapter - Downloaded https://repo.maven.apache.org/maven2/org/jgrapht/jgrapht-guava/1.5.2/jgrapht-guava-1.5.2.jar
2024-09-30 10:12:33,923 [BasicRepositoryConnector-repo.maven.apache.org-0-0] INFO  o.e.m.c.i.e.AbstractTransferListenerAdapter - Downloading https://repo.maven.apache.org/maven2/org/jgrapht/jgrapht-opt/1.5.2/jgrapht-opt-1.5.2.jar
2024-09-30 10:12:33,942 [BasicRepositoryConnector-repo.maven.apache.org-0-0] INFO  o.e.m.c.i.e.AbstractTransferListenerAdapter - Downloaded https://repo.maven.apache.org/maven2/org/jgrapht/jgrapht-opt/1.5.2/jgrapht-opt-1.5.2.jar
2024-09-30 10:12:33,981 [BasicRepositoryConnector-repo.maven.apache.org-0-1] INFO  o.e.m.c.i.e.AbstractTransferListenerAdapter - Downloading https://repo.maven.apache.org/maven2/org/jgrapht/jgrapht-unimi-dsi/1.5.2/jgrapht-unimi-dsi-1.5.2.jar
2024-09-30 10:12:33,995 [BasicRepositoryConnector-repo.maven.apache.org-0-1] INFO  o.e.m.c.i.e.AbstractTransferListenerAdapter - Downloaded https://repo.maven.apache.org/maven2/org/jgrapht/jgrapht-unimi-dsi/1.5.2/jgrapht-unimi-dsi-1.5.2.jar
2024-09-30 10:12:34,568 [Worker-23: Building] INFO  o.e.m.c.i.l.LifecycleMappingFactory - Using org.eclipse.m2e.jdt.JarLifecycleMapping lifecycle mapping for MavenProject: org.jgrapht:jgrapht-ext:1.5.2 @ C:\Users\luigi\Projetos\SLR\Java\fr.tp.inf112.projects.robotsim\libs\jgrapht\source\jgrapht-ext\pom.xml.
2024-09-30 10:12:34,595 [Worker-23: Building] INFO  o.e.m.c.i.p.WorkspaceClassifierResolverManager - Resolving P/jgrapht-core: org.jgrapht:jgrapht-core:1.5.2 with classifier  to /jgrapht-core/target/classes
2024-09-30 10:12:34,692 [Worker-23: Building] INFO  o.e.m.c.i.l.LifecycleMappingFactory - Using org.eclipse.m2e.jdt.JarLifecycleMapping lifecycle mapping for MavenProject: org.jgrapht:jgrapht-demo:1.5.2 @ C:\Users\luigi\Projetos\SLR\Java\fr.tp.inf112.projects.robotsim\libs\jgrapht\source\jgrapht-demo\pom.xml.
2024-09-30 10:12:34,752 [Worker-23: Building] INFO  o.e.m.c.i.p.WorkspaceClassifierResolverManager - Resolving P/jgrapht-io: org.jgrapht:jgrapht-io:1.5.2 with classifier  to /jgrapht-io/target/classes
2024-09-30 10:12:34,753 [Worker-23: Building] INFO  o.e.m.c.i.p.WorkspaceClassifierResolverManager - Resolving P/jgrapht-core: org.jgrapht:jgrapht-core:1.5.2 with classifier  to /jgrapht-core/target/classes
2024-09-30 10:12:34,762 [Worker-23: Building] INFO  o.e.m.c.i.p.WorkspaceClassifierResolverManager - Resolving P/jgrapht-ext: org.jgrapht:jgrapht-ext:1.5.2 with classifier  to /jgrapht-ext/target/classes
2024-09-30 10:12:34,806 [Worker-23: Building] INFO  o.e.m.c.i.l.LifecycleMappingFactory - Using NULL lifecycle mapping for MavenProject: org.jgrapht:jgrapht-dist:1.5.2 @ C:\Users\luigi\Projetos\SLR\Java\fr.tp.inf112.projects.robotsim\libs\jgrapht\source\jgrapht-dist\pom.xml.
2024-09-30 10:12:34,967 [Worker-23: Building] INFO  o.e.m.c.i.p.WorkspaceClassifierResolverManager - Resolving P/jgrapht-core: org.jgrapht:jgrapht-core:1.5.2 with classifier  to /jgrapht-core/target/classes
2024-09-30 10:12:34,970 [Worker-23: Building] INFO  o.e.m.c.i.p.WorkspaceClassifierResolverManager - Resolving P/jgrapht-io: org.jgrapht:jgrapht-io:1.5.2 with classifier  to /jgrapht-io/target/classes
2024-09-30 10:12:34,975 [Worker-23: Building] INFO  o.e.m.c.i.p.WorkspaceClassifierResolverManager - Resolving P/jgrapht-ext: org.jgrapht:jgrapht-ext:1.5.2 with classifier  to /jgrapht-ext/target/classes
2024-09-30 10:12:34,980 [Worker-23: Building] INFO  o.e.m.c.i.p.WorkspaceClassifierResolverManager - Resolving P/jgrapht-demo: org.jgrapht:jgrapht-demo:1.5.2 with classifier  to /jgrapht-demo/target/classes
2024-09-30 10:12:35,121 [Worker-23: Building] INFO  o.a.m.s.f.DefaultMavenResourcesFiltering - skip non existing resourceDirectory C:\Users\luigi\Projetos\SLR\Java\fr.tp.inf112.projects.robotsim\libs\jgrapht\source\jgrapht-ext\src\main\resources
2024-09-30 10:12:35,125 [Worker-23: Building] INFO  o.a.m.s.f.DefaultMavenResourcesFiltering - skip non existing resourceDirectory C:\Users\luigi\Projetos\SLR\Java\fr.tp.inf112.projects.robotsim\libs\jgrapht\source\jgrapht-ext\src\test\resources
2024-09-30 10:12:35,441 [Worker-23: Building] INFO  o.e.m.c.i.l.LifecycleMappingFactory - Using org.eclipse.m2e.jdt.JarLifecycleMapping lifecycle mapping for MavenProject: org.jgrapht:jgrapht-guava:1.5.2 @ C:\Users\luigi\Projetos\SLR\Java\fr.tp.inf112.projects.robotsim\libs\jgrapht\source\jgrapht-guava\pom.xml.
2024-09-30 10:12:35,470 [Worker-23: Building] INFO  o.e.m.c.i.p.WorkspaceClassifierResolverManager - Resolving P/jgrapht-core: org.jgrapht:jgrapht-core:1.5.2 with classifier  to /jgrapht-core/target/classes
2024-09-30 10:12:35,510 [Worker-23: Building] INFO  o.e.m.c.i.l.LifecycleMappingFactory - Using NULL lifecycle mapping for MavenProject: org.jgrapht:jgrapht-dist:1.5.2 @ C:\Users\luigi\Projetos\SLR\Java\fr.tp.inf112.projects.robotsim\libs\jgrapht\source\jgrapht-dist\pom.xml.
2024-09-30 10:12:35,649 [Worker-4: Download sources and javadoc] INFO  o.e.m.c.i.e.AbstractTransferListenerAdapter - Downloading https://repo.maven.apache.org/maven2/org/jgrapht/jgrapht-guava/1.5.2/jgrapht-guava-1.5.2-sources.jar
2024-09-30 10:12:35,663 [Worker-4: Download sources and javadoc] INFO  o.e.m.c.i.e.AbstractTransferListenerAdapter - Downloaded https://repo.maven.apache.org/maven2/org/jgrapht/jgrapht-guava/1.5.2/jgrapht-guava-1.5.2-sources.jar
2024-09-30 10:12:35,669 [Worker-4: Download sources and javadoc] INFO  o.e.m.j.internal.DownloadSourcesJob - Downloaded sources for org.jgrapht:jgrapht-guava:1.5.2
2024-09-30 10:12:35,736 [Worker-4: Download sources and javadoc] INFO  o.e.m.c.i.e.AbstractTransferListenerAdapter - Downloading https://repo.maven.apache.org/maven2/org/jgrapht/jgrapht-opt/1.5.2/jgrapht-opt-1.5.2-sources.jar
2024-09-30 10:12:35,752 [Worker-4: Download sources and javadoc] INFO  o.e.m.c.i.e.AbstractTransferListenerAdapter - Downloaded https://repo.maven.apache.org/maven2/org/jgrapht/jgrapht-opt/1.5.2/jgrapht-opt-1.5.2-sources.jar
2024-09-30 10:12:35,758 [Worker-4: Download sources and javadoc] INFO  o.e.m.j.internal.DownloadSourcesJob - Downloaded sources for org.jgrapht:jgrapht-opt:1.5.2
2024-09-30 10:12:35,891 [Worker-4: Download sources and javadoc] INFO  o.e.m.c.i.e.AbstractTransferListenerAdapter - Downloading https://repo.maven.apache.org/maven2/org/jgrapht/jgrapht-unimi-dsi/1.5.2/jgrapht-unimi-dsi-1.5.2-sources.jar
2024-09-30 10:12:35,907 [Worker-4: Download sources and javadoc] INFO  o.e.m.c.i.e.AbstractTransferListenerAdapter - Downloaded https://repo.maven.apache.org/maven2/org/jgrapht/jgrapht-unimi-dsi/1.5.2/jgrapht-unimi-dsi-1.5.2-sources.jar
2024-09-30 10:12:35,915 [Worker-4: Download sources and javadoc] INFO  o.e.m.j.internal.DownloadSourcesJob - Downloaded sources for org.jgrapht:jgrapht-unimi-dsi:1.5.2
2024-09-30 10:12:36,068 [Worker-23: Building] INFO  o.e.m.c.i.p.WorkspaceClassifierResolverManager - Resolving P/jgrapht-core: org.jgrapht:jgrapht-core:1.5.2 with classifier  to /jgrapht-core/target/classes
2024-09-30 10:12:36,074 [Worker-23: Building] INFO  o.e.m.c.i.p.WorkspaceClassifierResolverManager - Resolving P/jgrapht-io: org.jgrapht:jgrapht-io:1.5.2 with classifier  to /jgrapht-io/target/classes
2024-09-30 10:12:36,081 [Worker-23: Building] INFO  o.e.m.c.i.p.WorkspaceClassifierResolverManager - Resolving P/jgrapht-ext: org.jgrapht:jgrapht-ext:1.5.2 with classifier  to /jgrapht-ext/target/classes
2024-09-30 10:12:36,085 [Worker-23: Building] INFO  o.e.m.c.i.p.WorkspaceClassifierResolverManager - Resolving P/jgrapht-guava: org.jgrapht:jgrapht-guava:1.5.2 with classifier  to /jgrapht-guava/target/classes
2024-09-30 10:12:36,086 [Worker-23: Building] INFO  o.e.m.c.i.p.WorkspaceClassifierResolverManager - Resolving P/jgrapht-demo: org.jgrapht:jgrapht-demo:1.5.2 with classifier  to /jgrapht-demo/target/classes
2024-09-30 10:12:36,284 [Worker-23: Building] INFO  o.a.m.s.f.DefaultMavenResourcesFiltering - skip non existing resourceDirectory C:\Users\luigi\Projetos\SLR\Java\fr.tp.inf112.projects.robotsim\libs\jgrapht\source\jgrapht-guava\src\main\resources
2024-09-30 10:12:36,288 [Worker-23: Building] INFO  o.a.m.s.f.DefaultMavenResourcesFiltering - skip non existing resourceDirectory C:\Users\luigi\Projetos\SLR\Java\fr.tp.inf112.projects.robotsim\libs\jgrapht\source\jgrapht-guava\src\test\resources
2024-09-30 10:12:36,757 [Worker-9: Building] INFO  o.a.m.s.f.DefaultMavenResourcesFiltering - skip non existing resourceDirectory C:\Users\luigi\Projetos\SLR\Java\fr.tp.inf112.projects.robotsim\libs\jgrapht\source\jgrapht-ext\src\main\resources
2024-09-30 10:12:36,760 [Worker-9: Building] INFO  o.a.m.s.f.DefaultMavenResourcesFiltering - skip non existing resourceDirectory C:\Users\luigi\Projetos\SLR\Java\fr.tp.inf112.projects.robotsim\libs\jgrapht\source\jgrapht-ext\src\test\resources
2024-09-30 10:12:37,118 [Worker-9: Building] INFO  o.a.m.s.f.DefaultMavenResourcesFiltering - skip non existing resourceDirectory C:\Users\luigi\Projetos\SLR\Java\fr.tp.inf112.projects.robotsim\libs\jgrapht\source\jgrapht-guava\src\main\resources
2024-09-30 10:12:37,121 [Worker-9: Building] INFO  o.a.m.s.f.DefaultMavenResourcesFiltering - skip non existing resourceDirectory C:\Users\luigi\Projetos\SLR\Java\fr.tp.inf112.projects.robotsim\libs\jgrapht\source\jgrapht-guava\src\test\resources
2024-09-30 10:12:38,881 [Worker-0: Building] INFO  o.a.m.s.f.DefaultMavenResourcesFiltering - skip non existing resourceDirectory C:\Users\luigi\Projetos\SLR\Java\fr.tp.inf112.projects.robotsim\libs\jgrapht\source\jgrapht-demo\src\main\resources
2024-09-30 10:12:38,885 [Worker-0: Building] INFO  o.a.m.s.f.DefaultMavenResourcesFiltering - skip non existing resourceDirectory C:\Users\luigi\Projetos\SLR\Java\fr.tp.inf112.projects.robotsim\libs\jgrapht\source\jgrapht-demo\src\test\resources
2024-09-30 10:12:39,065 [Worker-0: Building] INFO  o.e.m.c.i.p.WorkspaceClassifierResolverManager - Resolving P/jgrapht-core: org.jgrapht:jgrapht-core:1.5.2 with classifier  to /jgrapht-core/target/classes
2024-09-30 10:12:39,257 [Worker-0: Building] INFO  o.e.m.c.i.embedder.EclipseLogger - No grammars to process
2024-09-30 10:12:39,257 [Worker-0: Building] INFO  o.e.m.c.i.embedder.EclipseLogger - ANTLR 4: Processing source directory C:\Users\luigi\Projetos\SLR\Java\fr.tp.inf112.projects.robotsim\libs\jgrapht\source\jgrapht-io\src\main\antlr4
2024-09-30 10:12:39,592 [Worker-0: Building] INFO  o.e.m.c.i.embedder.EclipseLogger - Replacement run on 32 files.
2024-09-30 10:12:39,598 [Worker-0: Building] INFO  o.a.m.s.f.DefaultMavenResourcesFiltering - Copying 4 resources from src\main\resources to target\classes
2024-09-30 10:12:39,611 [Worker-0: Building] INFO  o.a.m.s.f.DefaultMavenResourcesFiltering - Copying 3 resources from src\test\resources to target\test-classes
2024-09-30 10:12:39,996 [Worker-0: Building] INFO  o.e.m.c.i.l.LifecycleMappingFactory - Using org.eclipse.m2e.jdt.JarLifecycleMapping lifecycle mapping for MavenProject: org.jgrapht:jgrapht-opt:1.5.2 @ C:\Users\luigi\Projetos\SLR\Java\fr.tp.inf112.projects.robotsim\libs\jgrapht\source\jgrapht-opt\pom.xml.
2024-09-30 10:12:40,024 [Worker-0: Building] INFO  o.e.m.c.i.p.WorkspaceClassifierResolverManager - Resolving P/jgrapht-core: org.jgrapht:jgrapht-core:1.5.2 with classifier  to /jgrapht-core/target/classes
2024-09-30 10:12:40,071 [Worker-0: Building] INFO  o.e.m.c.i.l.LifecycleMappingFactory - Using NULL lifecycle mapping for MavenProject: org.jgrapht:jgrapht-dist:1.5.2 @ C:\Users\luigi\Projetos\SLR\Java\fr.tp.inf112.projects.robotsim\libs\jgrapht\source\jgrapht-dist\pom.xml.
2024-09-30 10:12:40,248 [Worker-0: Building] INFO  o.e.m.c.i.p.WorkspaceClassifierResolverManager - Resolving P/jgrapht-core: org.jgrapht:jgrapht-core:1.5.2 with classifier  to /jgrapht-core/target/classes
2024-09-30 10:12:40,251 [Worker-0: Building] INFO  o.e.m.c.i.p.WorkspaceClassifierResolverManager - Resolving P/jgrapht-io: org.jgrapht:jgrapht-io:1.5.2 with classifier  to /jgrapht-io/target/classes
2024-09-30 10:12:40,255 [Worker-0: Building] INFO  o.e.m.c.i.p.WorkspaceClassifierResolverManager - Resolving P/jgrapht-ext: org.jgrapht:jgrapht-ext:1.5.2 with classifier  to /jgrapht-ext/target/classes
2024-09-30 10:12:40,257 [Worker-0: Building] INFO  o.e.m.c.i.p.WorkspaceClassifierResolverManager - Resolving P/jgrapht-guava: org.jgrapht:jgrapht-guava:1.5.2 with classifier  to /jgrapht-guava/target/classes
2024-09-30 10:12:40,258 [Worker-0: Building] INFO  o.e.m.c.i.p.WorkspaceClassifierResolverManager - Resolving P/jgrapht-demo: org.jgrapht:jgrapht-demo:1.5.2 with classifier  to /jgrapht-demo/target/classes
2024-09-30 10:12:40,258 [Worker-0: Building] INFO  o.e.m.c.i.p.WorkspaceClassifierResolverManager - Resolving P/jgrapht-opt: org.jgrapht:jgrapht-opt:1.5.2 with classifier  to /jgrapht-opt/target/classes
2024-09-30 10:12:40,397 [Worker-0: Building] INFO  o.a.m.s.f.DefaultMavenResourcesFiltering - skip non existing resourceDirectory C:\Users\luigi\Projetos\SLR\Java\fr.tp.inf112.projects.robotsim\libs\jgrapht\source\jgrapht-opt\src\main\resources
2024-09-30 10:12:40,400 [Worker-0: Building] INFO  o.a.m.s.f.DefaultMavenResourcesFiltering - skip non existing resourceDirectory C:\Users\luigi\Projetos\SLR\Java\fr.tp.inf112.projects.robotsim\libs\jgrapht\source\jgrapht-opt\src\test\resources
2024-09-30 10:12:41,362 [Worker-19: Building] INFO  o.a.m.s.f.DefaultMavenResourcesFiltering - skip non existing resourceDirectory C:\Users\luigi\Projetos\SLR\Java\fr.tp.inf112.projects.robotsim\libs\jgrapht\source\jgrapht-opt\src\main\resources
2024-09-30 10:12:41,365 [Worker-19: Building] INFO  o.a.m.s.f.DefaultMavenResourcesFiltering - skip non existing resourceDirectory C:\Users\luigi\Projetos\SLR\Java\fr.tp.inf112.projects.robotsim\libs\jgrapht\source\jgrapht-opt\src\test\resources
2024-09-30 10:12:41,740 [Worker-19: Building] INFO  o.e.m.c.i.l.LifecycleMappingFactory - Using org.eclipse.m2e.jdt.JarLifecycleMapping lifecycle mapping for MavenProject: org.jgrapht:jgrapht-unimi-dsi:1.5.2 @ C:\Users\luigi\Projetos\SLR\Java\fr.tp.inf112.projects.robotsim\libs\jgrapht\source\jgrapht-unimi-dsi\pom.xml.
2024-09-30 10:12:41,888 [Worker-19: Building] INFO  o.e.m.c.i.p.WorkspaceClassifierResolverManager - Resolving P/jgrapht-core: org.jgrapht:jgrapht-core:1.5.2 with classifier  to /jgrapht-core/target/classes
2024-09-30 10:12:41,892 [Worker-19: Building] INFO  o.e.m.c.i.p.WorkspaceClassifierResolverManager - Resolving P/jgrapht-opt: org.jgrapht:jgrapht-opt:1.5.2 with classifier  to /jgrapht-opt/target/classes
2024-09-30 10:12:41,957 [Worker-19: Building] INFO  o.e.m.c.i.l.LifecycleMappingFactory - Using NULL lifecycle mapping for MavenProject: org.jgrapht:jgrapht-dist:1.5.2 @ C:\Users\luigi\Projetos\SLR\Java\fr.tp.inf112.projects.robotsim\libs\jgrapht\source\jgrapht-dist\pom.xml.
2024-09-30 10:12:42,019 [Worker-19: Building] INFO  o.e.m.c.i.p.WorkspaceClassifierResolverManager - Resolving P/jgrapht-core: org.jgrapht:jgrapht-core:1.5.2 with classifier  to /jgrapht-core/target/classes
2024-09-30 10:12:42,022 [Worker-19: Building] INFO  o.e.m.c.i.p.WorkspaceClassifierResolverManager - Resolving P/jgrapht-io: org.jgrapht:jgrapht-io:1.5.2 with classifier  to /jgrapht-io/target/classes
2024-09-30 10:12:42,025 [Worker-19: Building] INFO  o.e.m.c.i.p.WorkspaceClassifierResolverManager - Resolving P/jgrapht-ext: org.jgrapht:jgrapht-ext:1.5.2 with classifier  to /jgrapht-ext/target/classes
2024-09-30 10:12:42,027 [Worker-19: Building] INFO  o.e.m.c.i.p.WorkspaceClassifierResolverManager - Resolving P/jgrapht-guava: org.jgrapht:jgrapht-guava:1.5.2 with classifier  to /jgrapht-guava/target/classes
2024-09-30 10:12:42,028 [Worker-19: Building] INFO  o.e.m.c.i.p.WorkspaceClassifierResolverManager - Resolving P/jgrapht-demo: org.jgrapht:jgrapht-demo:1.5.2 with classifier  to /jgrapht-demo/target/classes
2024-09-30 10:12:42,028 [Worker-19: Building] INFO  o.e.m.c.i.p.WorkspaceClassifierResolverManager - Resolving P/jgrapht-opt: org.jgrapht:jgrapht-opt:1.5.2 with classifier  to /jgrapht-opt/target/classes
2024-09-30 10:12:42,029 [Worker-19: Building] INFO  o.e.m.c.i.p.WorkspaceClassifierResolverManager - Resolving P/jgrapht-unimi-dsi: org.jgrapht:jgrapht-unimi-dsi:1.5.2 with classifier  to /jgrapht-unimi-dsi/target/classes
2024-09-30 10:12:42,200 [Worker-19: Building] INFO  o.a.m.s.f.DefaultMavenResourcesFiltering - skip non existing resourceDirectory C:\Users\luigi\Projetos\SLR\Java\fr.tp.inf112.projects.robotsim\libs\jgrapht\source\jgrapht-unimi-dsi\src\main\resources
2024-09-30 10:12:42,203 [Worker-19: Building] INFO  o.a.m.s.f.DefaultMavenResourcesFiltering - skip non existing resourceDirectory C:\Users\luigi\Projetos\SLR\Java\fr.tp.inf112.projects.robotsim\libs\jgrapht\source\jgrapht-unimi-dsi\src\test\resources
2024-09-30 10:12:42,923 [Worker-26: Building] INFO  o.a.m.s.f.DefaultMavenResourcesFiltering - skip non existing resourceDirectory C:\Users\luigi\Projetos\SLR\Java\fr.tp.inf112.projects.robotsim\libs\jgrapht\source\jgrapht-unimi-dsi\src\main\resources
2024-09-30 10:12:42,927 [Worker-26: Building] INFO  o.a.m.s.f.DefaultMavenResourcesFiltering - skip non existing resourceDirectory C:\Users\luigi\Projetos\SLR\Java\fr.tp.inf112.projects.robotsim\libs\jgrapht\source\jgrapht-unimi-dsi\src\test\resources
2024-09-30 10:12:43,259 [Worker-26: Building] INFO  o.e.m.c.i.l.LifecycleMappingFactory - Using NULL lifecycle mapping for MavenProject: org.jgrapht:jgrapht:1.5.2 @ C:\Users\luigi\Projetos\SLR\Java\fr.tp.inf112.projects.robotsim\libs\jgrapht\source\pom.xml.
2024-09-30 10:12:43,540 [Worker-26: Building] INFO  o.e.m.c.i.l.LifecycleMappingFactory - Using org.eclipse.m2e.jdt.JarLifecycleMapping lifecycle mapping for MavenProject: org.jgrapht:jgrapht-core:1.5.2 @ C:\Users\luigi\Projetos\SLR\Java\fr.tp.inf112.projects.robotsim\libs\jgrapht\source\jgrapht-core\pom.xml.
2024-09-30 10:12:43,702 [Worker-26: Building] INFO  o.e.m.c.i.l.LifecycleMappingFactory - Using org.eclipse.m2e.jdt.JarLifecycleMapping lifecycle mapping for MavenProject: org.jgrapht:jgrapht-io:1.5.2 @ C:\Users\luigi\Projetos\SLR\Java\fr.tp.inf112.projects.robotsim\libs\jgrapht\source\jgrapht-io\pom.xml.
2024-09-30 10:12:43,750 [Worker-26: Building] INFO  o.e.m.c.i.p.WorkspaceClassifierResolverManager - Resolving P/jgrapht-core: org.jgrapht:jgrapht-core:1.5.2 with classifier  to /jgrapht-core/target/classes
2024-09-30 10:12:43,842 [Worker-26: Building] INFO  o.e.m.c.i.l.LifecycleMappingFactory - Using org.eclipse.m2e.jdt.JarLifecycleMapping lifecycle mapping for MavenProject: org.jgrapht:jgrapht-ext:1.5.2 @ C:\Users\luigi\Projetos\SLR\Java\fr.tp.inf112.projects.robotsim\libs\jgrapht\source\jgrapht-ext\pom.xml.
2024-09-30 10:12:43,849 [Worker-26: Building] INFO  o.e.m.c.i.p.WorkspaceClassifierResolverManager - Resolving P/jgrapht-core: org.jgrapht:jgrapht-core:1.5.2 with classifier  to /jgrapht-core/target/classes
2024-09-30 10:12:43,925 [Worker-26: Building] INFO  o.e.m.c.i.l.LifecycleMappingFactory - Using org.eclipse.m2e.jdt.JarLifecycleMapping lifecycle mapping for MavenProject: org.jgrapht:jgrapht-demo:1.5.2 @ C:\Users\luigi\Projetos\SLR\Java\fr.tp.inf112.projects.robotsim\libs\jgrapht\source\jgrapht-demo\pom.xml.
2024-09-30 10:12:43,933 [Worker-26: Building] INFO  o.e.m.c.i.p.WorkspaceClassifierResolverManager - Resolving P/jgrapht-io: org.jgrapht:jgrapht-io:1.5.2 with classifier  to /jgrapht-io/target/classes
2024-09-30 10:12:43,934 [Worker-26: Building] INFO  o.e.m.c.i.p.WorkspaceClassifierResolverManager - Resolving P/jgrapht-core: org.jgrapht:jgrapht-core:1.5.2 with classifier  to /jgrapht-core/target/classes
2024-09-30 10:12:43,941 [Worker-26: Building] INFO  o.e.m.c.i.p.WorkspaceClassifierResolverManager - Resolving P/jgrapht-ext: org.jgrapht:jgrapht-ext:1.5.2 with classifier  to /jgrapht-ext/target/classes
2024-09-30 10:12:44,008 [Worker-26: Building] INFO  o.e.m.c.i.l.LifecycleMappingFactory - Using org.eclipse.m2e.jdt.JarLifecycleMapping lifecycle mapping for MavenProject: org.jgrapht:jgrapht-guava:1.5.2 @ C:\Users\luigi\Projetos\SLR\Java\fr.tp.inf112.projects.robotsim\libs\jgrapht\source\jgrapht-guava\pom.xml.
2024-09-30 10:12:44,019 [Worker-26: Building] INFO  o.e.m.c.i.p.WorkspaceClassifierResolverManager - Resolving P/jgrapht-core: org.jgrapht:jgrapht-core:1.5.2 with classifier  to /jgrapht-core/target/classes
2024-09-30 10:12:44,087 [Worker-26: Building] INFO  o.e.m.c.i.l.LifecycleMappingFactory - Using org.eclipse.m2e.jdt.JarLifecycleMapping lifecycle mapping for MavenProject: org.jgrapht:jgrapht-opt:1.5.2 @ C:\Users\luigi\Projetos\SLR\Java\fr.tp.inf112.projects.robotsim\libs\jgrapht\source\jgrapht-opt\pom.xml.
2024-09-30 10:12:44,091 [Worker-26: Building] INFO  o.e.m.c.i.p.WorkspaceClassifierResolverManager - Resolving P/jgrapht-core: org.jgrapht:jgrapht-core:1.5.2 with classifier  to /jgrapht-core/target/classes
2024-09-30 10:12:44,141 [Worker-26: Building] INFO  o.e.m.c.i.l.LifecycleMappingFactory - Using org.eclipse.m2e.jdt.JarLifecycleMapping lifecycle mapping for MavenProject: org.jgrapht:jgrapht-unimi-dsi:1.5.2 @ C:\Users\luigi\Projetos\SLR\Java\fr.tp.inf112.projects.robotsim\libs\jgrapht\source\jgrapht-unimi-dsi\pom.xml.
2024-09-30 10:12:44,287 [Worker-26: Building] INFO  o.e.m.c.i.p.WorkspaceClassifierResolverManager - Resolving P/jgrapht-core: org.jgrapht:jgrapht-core:1.5.2 with classifier  to /jgrapht-core/target/classes
2024-09-30 10:12:44,290 [Worker-26: Building] INFO  o.e.m.c.i.p.WorkspaceClassifierResolverManager - Resolving P/jgrapht-opt: org.jgrapht:jgrapht-opt:1.5.2 with classifier  to /jgrapht-opt/target/classes
2024-09-30 10:12:44,322 [Worker-26: Building] INFO  o.e.m.c.i.l.LifecycleMappingFactory - Using NULL lifecycle mapping for MavenProject: org.jgrapht:jgrapht-dist:1.5.2 @ C:\Users\luigi\Projetos\SLR\Java\fr.tp.inf112.projects.robotsim\libs\jgrapht\source\jgrapht-dist\pom.xml.
2024-09-30 10:12:44,335 [Worker-26: Building] INFO  o.e.m.c.i.p.WorkspaceClassifierResolverManager - Resolving P/jgrapht-core: org.jgrapht:jgrapht-core:1.5.2 with classifier  to /jgrapht-core/target/classes
2024-09-30 10:12:44,339 [Worker-26: Building] INFO  o.e.m.c.i.p.WorkspaceClassifierResolverManager - Resolving P/jgrapht-io: org.jgrapht:jgrapht-io:1.5.2 with classifier  to /jgrapht-io/target/classes
2024-09-30 10:12:44,343 [Worker-26: Building] INFO  o.e.m.c.i.p.WorkspaceClassifierResolverManager - Resolving P/jgrapht-ext: org.jgrapht:jgrapht-ext:1.5.2 with classifier  to /jgrapht-ext/target/classes
2024-09-30 10:12:44,345 [Worker-26: Building] INFO  o.e.m.c.i.p.WorkspaceClassifierResolverManager - Resolving P/jgrapht-guava: org.jgrapht:jgrapht-guava:1.5.2 with classifier  to /jgrapht-guava/target/classes
2024-09-30 10:12:44,347 [Worker-26: Building] INFO  o.e.m.c.i.p.WorkspaceClassifierResolverManager - Resolving P/jgrapht-demo: org.jgrapht:jgrapht-demo:1.5.2 with classifier  to /jgrapht-demo/target/classes
2024-09-30 10:12:44,348 [Worker-26: Building] INFO  o.e.m.c.i.p.WorkspaceClassifierResolverManager - Resolving P/jgrapht-opt: org.jgrapht:jgrapht-opt:1.5.2 with classifier  to /jgrapht-opt/target/classes
2024-09-30 10:12:44,349 [Worker-26: Building] INFO  o.e.m.c.i.p.WorkspaceClassifierResolverManager - Resolving P/jgrapht-unimi-dsi: org.jgrapht:jgrapht-unimi-dsi:1.5.2 with classifier  to /jgrapht-unimi-dsi/target/classes
2024-09-30 10:16:17,530 [Worker-4: Loading available Gradle versions] INFO  o.e.b.c.i.u.g.PublishedGradleVersions - Gradle version information cache is up-to-date. Trying to read.
