<?xml version="1.0" encoding="UTF-8" standalone="no"?>
<!DOCTYPE log SYSTEM "logger.dtd">
<log>
<record>
  <date>2024-12-03T15:27:25.064129200Z</date>
  <millis>1733239645064</millis>
  <nanos>129200</nanos>
  <sequence>0</sequence>
  <logger>fr.tp.inf112.projects.robotsim.app.SimulatorApplication</logger>
  <level>INFO</level>
  <class>fr.tp.inf112.projects.robotsim.app.SimulatorApplication</class>
  <method>main</method>
  <thread>1</thread>
  <message>Starting the robot simulator...</message>
</record>
<record>
  <date>2024-12-03T15:27:28.909793300Z</date>
  <millis>1733239648909</millis>
  <nanos>793300</nanos>
  <sequence>1</sequence>
  <logger>fr.tp.inf112.projects.robotsim.app.RemoteSimulatorController</logger>
  <level>INFO</level>
  <class>fr.tp.inf112.projects.robotsim.app.RemoteSimulatorController</class>
  <method>startAnimation</method>
  <thread>41</thread>
  <message>http://localhost:8080/start/initial.factory</message>
</record>
<record>
  <date>2024-12-03T15:27:30.569961300Z</date>
  <millis>1733239650569</millis>
  <nanos>961300</nanos>
  <sequence>2</sequence>
  <logger>fr.tp.inf112.projects.robotsim.model.notifier.FactorySimulationEventConsumer</logger>
  <level>INFO</level>
  <class>fr.tp.inf112.projects.robotsim.model.notifier.FactorySimulationEventConsumer</class>
  <method>consumeMessages</method>
  <thread>41</thread>
  <message>Waiting for messages on topics: {simulation-topic-natacha.factory=[Partition(topic = simulation-topic-natacha.factory, partition = 0, leader = 0, replicas = [0], isr = [0], offlineReplicas = [])], simulation-topic-1.factory=[Partition(topic = simulation-topic-1.factory, partition = 0, leader = 0, replicas = [0], isr = [0], offlineReplicas = [])], simulation-topic-barbara.factory=[Partition(topic = simulation-topic-barbara.factory, partition = 0, leader = 0, replicas = [0], isr = [0], offlineReplicas = [])], simulation-topic-Mateus.factory=[Partition(topic = simulation-topic-Mateus.factory, partition = 0, leader = 0, replicas = [0], isr = [0], offlineReplicas = [])], my-test-topic=[Partition(topic = my-test-topic, partition = 0, leader = 0, replicas = [0], isr = [0], offlineReplicas = [])], simulation-topic-null=[Partition(topic = simulation-topic-null, partition = 0, leader = 0, replicas = [0], isr = [0], offlineReplicas = [])], simulation-topic-backup.factory=[Partition(topic = simulation-topic-backup.factory, partition = 0, leader = 0, replicas = [0], isr = [0], offlineReplicas = [])], simulation-topic-initial.factory=[Partition(topic = simulation-topic-initial.factory, partition = 0, leader = 0, replicas = [0], isr = [0], offlineReplicas = [])], simulation-initial.factory=[Partition(topic = simulation-initial.factory, partition = 0, leader = 0, replicas = [0], isr = [0], offlineReplicas = [])], __consumer_offsets=[Partition(topic = __consumer_offsets, partition = 0, leader = 0, replicas = [0], isr = [0], offlineReplicas = []), Partition(topic = __consumer_offsets, partition = 10, leader = 0, replicas = [0], isr = [0], offlineReplicas = []), Partition(topic = __consumer_offsets, partition = 20, leader = 0, replicas = [0], isr = [0], offlineReplicas = []), Partition(topic = __consumer_offsets, partition = 40, leader = 0, replicas = [0], isr = [0], offlineReplicas = []), Partition(topic = __consumer_offsets, partition = 30, leader = 0, replicas = [0], isr = [0], offlineReplicas = []), Partition(topic = __consumer_offsets, partition = 9, leader = 0, replicas = [0], isr = [0], offlineReplicas = []), Partition(topic = __consumer_offsets, partition = 11, leader = 0, replicas = [0], isr = [0], offlineReplicas = []), Partition(topic = __consumer_offsets, partition = 31, leader = 0, replicas = [0], isr = [0], offlineReplicas = []), Partition(topic = __consumer_offsets, partition = 39, leader = 0, replicas = [0], isr = [0], offlineReplicas = []), Partition(topic = __consumer_offsets, partition = 13, leader = 0, replicas = [0], isr = [0], offlineReplicas = []), Partition(topic = __consumer_offsets, partition = 18, leader = 0, replicas = [0], isr = [0], offlineReplicas = []), Partition(topic = __consumer_offsets, partition = 22, leader = 0, replicas = [0], isr = [0], offlineReplicas = []), Partition(topic = __consumer_offsets, partition = 8, leader = 0, replicas = [0], isr = [0], offlineReplicas = []), Partition(topic = __consumer_offsets, partition = 32, leader = 0, replicas = [0], isr = [0], offlineReplicas = []), Partition(topic = __consumer_offsets, partition = 43, leader = 0, replicas = [0], isr = [0], offlineReplicas = []), Partition(topic = __consumer_offsets, partition = 29, leader = 0, replicas = [0], isr = [0], offlineReplicas = []), Partition(topic = __consumer_offsets, partition = 34, leader = 0, replicas = [0], isr = [0], offlineReplicas = []), Partition(topic = __consumer_offsets, partition = 1, leader = 0, replicas = [0], isr = [0], offlineReplicas = []), Partition(topic = __consumer_offsets, partition = 6, leader = 0, replicas = [0], isr = [0], offlineReplicas = []), Partition(topic = __consumer_offsets, partition = 41, leader = 0, replicas = [0], isr = [0], offlineReplicas = []), Partition(topic = __consumer_offsets, partition = 27, leader = 0, replicas = [0], isr = [0], offlineReplicas = []), Partition(topic = __consumer_offsets, partition = 48, leader = 0, replicas = [0], isr = [0], offlineReplicas = []), Partition(topic = __consumer_offsets, partition = 5, leader = 0, replicas = [0], isr = [0], offlineReplicas = []), Partition(topic = __consumer_offsets, partition = 15, leader = 0, replicas = [0], isr = [0], offlineReplicas = []), Partition(topic = __consumer_offsets, partition = 35, leader = 0, replicas = [0], isr = [0], offlineReplicas = []), Partition(topic = __consumer_offsets, partition = 25, leader = 0, replicas = [0], isr = [0], offlineReplicas = []), Partition(topic = __consumer_offsets, partition = 46, leader = 0, replicas = [0], isr = [0], offlineReplicas = []), Partition(topic = __consumer_offsets, partition = 26, leader = 0, replicas = [0], isr = [0], offlineReplicas = []), Partition(topic = __consumer_offsets, partition = 36, leader = 0, replicas = [0], isr = [0], offlineReplicas = []), Partition(topic = __consumer_offsets, partition = 44, leader = 0, replicas = [0], isr = [0], offlineReplicas = []), Partition(topic = __consumer_offsets, partition = 16, leader = 0, replicas = [0], isr = [0], offlineReplicas = []), Partition(topic = __consumer_offsets, partition = 37, leader = 0, replicas = [0], isr = [0], offlineReplicas = []), Partition(topic = __consumer_offsets, partition = 17, leader = 0, replicas = [0], isr = [0], offlineReplicas = []), Partition(topic = __consumer_offsets, partition = 45, leader = 0, replicas = [0], isr = [0], offlineReplicas = []), Partition(topic = __consumer_offsets, partition = 3, leader = 0, replicas = [0], isr = [0], offlineReplicas = []), Partition(topic = __consumer_offsets, partition = 24, leader = 0, replicas = [0], isr = [0], offlineReplicas = []), Partition(topic = __consumer_offsets, partition = 38, leader = 0, replicas = [0], isr = [0], offlineReplicas = []), Partition(topic = __consumer_offsets, partition = 33, leader = 0, replicas = [0], isr = [0], offlineReplicas = []), Partition(topic = __consumer_offsets, partition = 23, leader = 0, replicas = [0], isr = [0], offlineReplicas = []), Partition(topic = __consumer_offsets, partition = 28, leader = 0, replicas = [0], isr = [0], offlineReplicas = []), Partition(topic = __consumer_offsets, partition = 2, leader = 0, replicas = [0], isr = [0], offlineReplicas = []), Partition(topic = __consumer_offsets, partition = 12, leader = 0, replicas = [0], isr = [0], offlineReplicas = []), Partition(topic = __consumer_offsets, partition = 19, leader = 0, replicas = [0], isr = [0], offlineReplicas = []), Partition(topic = __consumer_offsets, partition = 14, leader = 0, replicas = [0], isr = [0], offlineReplicas = []), Partition(topic = __consumer_offsets, partition = 4, leader = 0, replicas = [0], isr = [0], offlineReplicas = []), Partition(topic = __consumer_offsets, partition = 47, leader = 0, replicas = [0], isr = [0], offlineReplicas = []), Partition(topic = __consumer_offsets, partition = 49, leader = 0, replicas = [0], isr = [0], offlineReplicas = []), Partition(topic = __consumer_offsets, partition = 42, leader = 0, replicas = [0], isr = [0], offlineReplicas = []), Partition(topic = __consumer_offsets, partition = 7, leader = 0, replicas = [0], isr = [0], offlineReplicas = []), Partition(topic = __consumer_offsets, partition = 21, leader = 0, replicas = [0], isr = [0], offlineReplicas = [])]}</message>
</record>
</log>
